[2025-07-30T12:29:17.953075-03:00] app.NOTICE: E_DEPRECATED: Creation of dynamic property mysqli::$hash is deprecated {"code":8192,"message":"Creation of dynamic property mysqli::$hash is deprecated","file":"/app/vendor/dshafik/php7-mysql-shim/lib/mysql.php","line":88} []
[2025-07-30T12:29:17.981141-03:00] app.NOTICE: E_DEPRECATED: Creation of dynamic property mysqli::$hash is deprecated {"code":8192,"message":"Creation of dynamic property mysqli::$hash is deprecated","file":"/app/vendor/dshafik/php7-mysql-shim/lib/mysql.php","line":88} []
[2025-07-30T12:29:18.036310-03:00] app.NOTICE: E_DEPRECATED: Creation of dynamic property mysqli::$hash is deprecated {"code":8192,"message":"Creation of dynamic property mysqli::$hash is deprecated","file":"/app/vendor/dshafik/php7-mysql-shim/lib/mysql.php","line":88} []
[2025-07-30T12:29:18.043185-03:00] app.ERROR: Uncaught Exception Error: "Class "App\Service\FilesystemService" not found" at /app/src/Controller/HomeController.php line 78 {"exception":"[object] (Error(code: 0): Class \"App\\Service\\FilesystemService\" not found at /app/src/Controller/HomeController.php:78)"} []
[2025-07-30T12:36:56.344551-03:00] app.NOTICE: E_DEPRECATED: Creation of dynamic property mysqli::$hash is deprecated {"code":8192,"message":"Creation of dynamic property mysqli::$hash is deprecated","file":"/app/vendor/dshafik/php7-mysql-shim/lib/mysql.php","line":88} []
[2025-07-30T12:36:56.426166-03:00] app.NOTICE: E_DEPRECATED: Creation of dynamic property mysqli::$hash is deprecated {"code":8192,"message":"Creation of dynamic property mysqli::$hash is deprecated","file":"/app/vendor/dshafik/php7-mysql-shim/lib/mysql.php","line":88} []
[2025-07-30T12:36:56.436685-03:00] app.WARNING: E_WARNING: Undefined property: stdClass::$calendario {"code":2,"message":"Undefined property: stdClass::$calendario","file":"/app/src/Usuarios/IntegradorPermissoesLegadasService.php","line":206} []
[2025-07-30T12:36:56.436779-03:00] app.WARNING: E_WARNING: Trying to access array offset on value of type null {"code":2,"message":"Trying to access array offset on value of type null","file":"/app/src/Usuarios/IntegradorPermissoesLegadasService.php","line":206} []
[2025-07-30T12:36:56.436837-03:00] app.WARNING: E_WARNING: Undefined property: stdClass::$calendario {"code":2,"message":"Undefined property: stdClass::$calendario","file":"/app/src/Usuarios/IntegradorPermissoesLegadasService.php","line":207} []
[2025-07-30T12:36:56.436892-03:00] app.WARNING: E_WARNING: Trying to access array offset on value of type null {"code":2,"message":"Trying to access array offset on value of type null","file":"/app/src/Usuarios/IntegradorPermissoesLegadasService.php","line":207} []
[2025-07-30T12:36:56.438144-03:00] app.WARNING: E_WARNING: Undefined property: stdClass::$calendario {"code":2,"message":"Undefined property: stdClass::$calendario","file":"/app/src/Usuarios/IntegradorPermissoesLegadasService.php","line":206} []
[2025-07-30T12:36:56.438214-03:00] app.WARNING: E_WARNING: Trying to access array offset on value of type null {"code":2,"message":"Trying to access array offset on value of type null","file":"/app/src/Usuarios/IntegradorPermissoesLegadasService.php","line":206} []
[2025-07-30T12:36:56.438271-03:00] app.WARNING: E_WARNING: Undefined property: stdClass::$calendario {"code":2,"message":"Undefined property: stdClass::$calendario","file":"/app/src/Usuarios/IntegradorPermissoesLegadasService.php","line":207} []
[2025-07-30T12:36:56.438325-03:00] app.WARNING: E_WARNING: Trying to access array offset on value of type null {"code":2,"message":"Trying to access array offset on value of type null","file":"/app/src/Usuarios/IntegradorPermissoesLegadasService.php","line":207} []
[2025-07-30T12:36:56.439125-03:00] app.WARNING: E_WARNING: Undefined property: stdClass::$calendario {"code":2,"message":"Undefined property: stdClass::$calendario","file":"/app/src/Usuarios/IntegradorPermissoesLegadasService.php","line":206} []
[2025-07-30T12:36:56.439193-03:00] app.WARNING: E_WARNING: Trying to access array offset on value of type null {"code":2,"message":"Trying to access array offset on value of type null","file":"/app/src/Usuarios/IntegradorPermissoesLegadasService.php","line":206} []
[2025-07-30T12:36:56.439259-03:00] app.WARNING: E_WARNING: Undefined property: stdClass::$calendario {"code":2,"message":"Undefined property: stdClass::$calendario","file":"/app/src/Usuarios/IntegradorPermissoesLegadasService.php","line":207} []
[2025-07-30T12:36:56.439312-03:00] app.WARNING: E_WARNING: Trying to access array offset on value of type null {"code":2,"message":"Trying to access array offset on value of type null","file":"/app/src/Usuarios/IntegradorPermissoesLegadasService.php","line":207} []
[2025-07-30T12:36:56.568493-03:00] app.NOTICE: E_DEPRECATED: Creation of dynamic property mysqli::$hash is deprecated {"code":8192,"message":"Creation of dynamic property mysqli::$hash is deprecated","file":"/app/vendor/dshafik/php7-mysql-shim/lib/mysql.php","line":88} []
[2025-07-30T12:36:56.574038-03:00] app.ERROR: Uncaught Exception Error: "Class "App\Service\FilesystemService" not found" at /app/src/Controller/HomeController.php line 78 {"exception":"[object] (Error(code: 0): Class \"App\\Service\\FilesystemService\" not found at /app/src/Controller/HomeController.php:78)"} []
[2025-07-30T12:36:56.846918-03:00] app.NOTICE: E_DEPRECATED: Creation of dynamic property mysqli::$hash is deprecated {"code":8192,"message":"Creation of dynamic property mysqli::$hash is deprecated","file":"/app/vendor/dshafik/php7-mysql-shim/lib/mysql.php","line":88} []
[2025-07-30T12:36:56.851704-03:00] app.ERROR: Uncaught Exception League\Route\Http\Exception\NotFoundException: "Not Found" at /app/vendor/league/route/src/Dispatcher.php line 139 {"exception":"[object] (League\\Route\\Http\\Exception\\NotFoundException(code: 0): Not Found at /app/vendor/league/route/src/Dispatcher.php:139)"} []
[2025-07-30T12:37:00.828483-03:00] app.NOTICE: E_DEPRECATED: Creation of dynamic property mysqli::$hash is deprecated {"code":8192,"message":"Creation of dynamic property mysqli::$hash is deprecated","file":"/app/vendor/dshafik/php7-mysql-shim/lib/mysql.php","line":88} []
[2025-07-30T12:37:00.863819-03:00] app.NOTICE: E_DEPRECATED: Creation of dynamic property mysqli::$hash is deprecated {"code":8192,"message":"Creation of dynamic property mysqli::$hash is deprecated","file":"/app/vendor/dshafik/php7-mysql-shim/lib/mysql.php","line":88} []
[2025-07-30T12:37:01.602131-03:00] app.NOTICE: E_DEPRECATED: Creation of dynamic property mysqli::$hash is deprecated {"code":8192,"message":"Creation of dynamic property mysqli::$hash is deprecated","file":"/app/vendor/dshafik/php7-mysql-shim/lib/mysql.php","line":88} []
[2025-07-30T12:37:01.629761-03:00] app.WARNING: E_WARNING: Undefined property: stdClass::$calendario {"code":2,"message":"Undefined property: stdClass::$calendario","file":"/app/src/Usuarios/IntegradorPermissoesLegadasService.php","line":206} []
[2025-07-30T12:37:01.629854-03:00] app.WARNING: E_WARNING: Trying to access array offset on value of type null {"code":2,"message":"Trying to access array offset on value of type null","file":"/app/src/Usuarios/IntegradorPermissoesLegadasService.php","line":206} []
[2025-07-30T12:37:01.629911-03:00] app.WARNING: E_WARNING: Undefined property: stdClass::$calendario {"code":2,"message":"Undefined property: stdClass::$calendario","file":"/app/src/Usuarios/IntegradorPermissoesLegadasService.php","line":207} []
[2025-07-30T12:37:01.629965-03:00] app.WARNING: E_WARNING: Trying to access array offset on value of type null {"code":2,"message":"Trying to access array offset on value of type null","file":"/app/src/Usuarios/IntegradorPermissoesLegadasService.php","line":207} []
[2025-07-30T12:37:01.630938-03:00] app.WARNING: E_WARNING: Undefined property: stdClass::$calendario {"code":2,"message":"Undefined property: stdClass::$calendario","file":"/app/src/Usuarios/IntegradorPermissoesLegadasService.php","line":206} []
[2025-07-30T12:37:01.631008-03:00] app.WARNING: E_WARNING: Trying to access array offset on value of type null {"code":2,"message":"Trying to access array offset on value of type null","file":"/app/src/Usuarios/IntegradorPermissoesLegadasService.php","line":206} []
[2025-07-30T12:37:01.631072-03:00] app.WARNING: E_WARNING: Undefined property: stdClass::$calendario {"code":2,"message":"Undefined property: stdClass::$calendario","file":"/app/src/Usuarios/IntegradorPermissoesLegadasService.php","line":207} []
[2025-07-30T12:37:01.631127-03:00] app.WARNING: E_WARNING: Trying to access array offset on value of type null {"code":2,"message":"Trying to access array offset on value of type null","file":"/app/src/Usuarios/IntegradorPermissoesLegadasService.php","line":207} []
[2025-07-30T12:37:01.631970-03:00] app.WARNING: E_WARNING: Undefined property: stdClass::$calendario {"code":2,"message":"Undefined property: stdClass::$calendario","file":"/app/src/Usuarios/IntegradorPermissoesLegadasService.php","line":206} []
[2025-07-30T12:37:01.632040-03:00] app.WARNING: E_WARNING: Trying to access array offset on value of type null {"code":2,"message":"Trying to access array offset on value of type null","file":"/app/src/Usuarios/IntegradorPermissoesLegadasService.php","line":206} []
[2025-07-30T12:37:01.632099-03:00] app.WARNING: E_WARNING: Undefined property: stdClass::$calendario {"code":2,"message":"Undefined property: stdClass::$calendario","file":"/app/src/Usuarios/IntegradorPermissoesLegadasService.php","line":207} []
[2025-07-30T12:37:01.632151-03:00] app.WARNING: E_WARNING: Trying to access array offset on value of type null {"code":2,"message":"Trying to access array offset on value of type null","file":"/app/src/Usuarios/IntegradorPermissoesLegadasService.php","line":207} []
[2025-07-30T12:37:01.633194-03:00] app.WARNING: E_WARNING: Undefined property: stdClass::$calendario {"code":2,"message":"Undefined property: stdClass::$calendario","file":"/app/src/Usuarios/IntegradorPermissoesLegadasService.php","line":206} []
[2025-07-30T12:37:01.633270-03:00] app.WARNING: E_WARNING: Trying to access array offset on value of type null {"code":2,"message":"Trying to access array offset on value of type null","file":"/app/src/Usuarios/IntegradorPermissoesLegadasService.php","line":206} []
[2025-07-30T12:37:01.633326-03:00] app.WARNING: E_WARNING: Undefined property: stdClass::$calendario {"code":2,"message":"Undefined property: stdClass::$calendario","file":"/app/src/Usuarios/IntegradorPermissoesLegadasService.php","line":207} []
[2025-07-30T12:37:01.633381-03:00] app.WARNING: E_WARNING: Trying to access array offset on value of type null {"code":2,"message":"Trying to access array offset on value of type null","file":"/app/src/Usuarios/IntegradorPermissoesLegadasService.php","line":207} []
[2025-07-30T12:37:01.634278-03:00] app.WARNING: E_WARNING: Undefined property: stdClass::$calendario {"code":2,"message":"Undefined property: stdClass::$calendario","file":"/app/src/Usuarios/IntegradorPermissoesLegadasService.php","line":206} []
[2025-07-30T12:37:01.634349-03:00] app.WARNING: E_WARNING: Trying to access array offset on value of type null {"code":2,"message":"Trying to access array offset on value of type null","file":"/app/src/Usuarios/IntegradorPermissoesLegadasService.php","line":206} []
[2025-07-30T12:37:01.634406-03:00] app.WARNING: E_WARNING: Undefined property: stdClass::$calendario {"code":2,"message":"Undefined property: stdClass::$calendario","file":"/app/src/Usuarios/IntegradorPermissoesLegadasService.php","line":207} []
[2025-07-30T12:37:01.634460-03:00] app.WARNING: E_WARNING: Trying to access array offset on value of type null {"code":2,"message":"Trying to access array offset on value of type null","file":"/app/src/Usuarios/IntegradorPermissoesLegadasService.php","line":207} []
[2025-07-30T12:37:01.637795-03:00] app.WARNING: E_WARNING: Undefined property: stdClass::$calendario {"code":2,"message":"Undefined property: stdClass::$calendario","file":"/app/src/Usuarios/IntegradorPermissoesLegadasService.php","line":206} []
[2025-07-30T12:37:01.637876-03:00] app.WARNING: E_WARNING: Trying to access array offset on value of type null {"code":2,"message":"Trying to access array offset on value of type null","file":"/app/src/Usuarios/IntegradorPermissoesLegadasService.php","line":206} []
[2025-07-30T12:37:01.637945-03:00] app.WARNING: E_WARNING: Undefined property: stdClass::$calendario {"code":2,"message":"Undefined property: stdClass::$calendario","file":"/app/src/Usuarios/IntegradorPermissoesLegadasService.php","line":207} []
[2025-07-30T12:37:01.638001-03:00] app.WARNING: E_WARNING: Trying to access array offset on value of type null {"code":2,"message":"Trying to access array offset on value of type null","file":"/app/src/Usuarios/IntegradorPermissoesLegadasService.php","line":207} []
[2025-07-30T12:37:01.638904-03:00] app.WARNING: E_WARNING: Undefined property: stdClass::$calendario {"code":2,"message":"Undefined property: stdClass::$calendario","file":"/app/src/Usuarios/IntegradorPermissoesLegadasService.php","line":206} []
[2025-07-30T12:37:01.638975-03:00] app.WARNING: E_WARNING: Trying to access array offset on value of type null {"code":2,"message":"Trying to access array offset on value of type null","file":"/app/src/Usuarios/IntegradorPermissoesLegadasService.php","line":206} []
[2025-07-30T12:37:01.639031-03:00] app.WARNING: E_WARNING: Undefined property: stdClass::$calendario {"code":2,"message":"Undefined property: stdClass::$calendario","file":"/app/src/Usuarios/IntegradorPermissoesLegadasService.php","line":207} []
[2025-07-30T12:37:01.639085-03:00] app.WARNING: E_WARNING: Trying to access array offset on value of type null {"code":2,"message":"Trying to access array offset on value of type null","file":"/app/src/Usuarios/IntegradorPermissoesLegadasService.php","line":207} []
[2025-07-30T12:37:01.639781-03:00] app.WARNING: E_WARNING: Undefined property: stdClass::$calendario {"code":2,"message":"Undefined property: stdClass::$calendario","file":"/app/src/Usuarios/IntegradorPermissoesLegadasService.php","line":206} []
[2025-07-30T12:37:01.639848-03:00] app.WARNING: E_WARNING: Trying to access array offset on value of type null {"code":2,"message":"Trying to access array offset on value of type null","file":"/app/src/Usuarios/IntegradorPermissoesLegadasService.php","line":206} []
[2025-07-30T12:37:01.639902-03:00] app.WARNING: E_WARNING: Undefined property: stdClass::$calendario {"code":2,"message":"Undefined property: stdClass::$calendario","file":"/app/src/Usuarios/IntegradorPermissoesLegadasService.php","line":207} []
[2025-07-30T12:37:01.639956-03:00] app.WARNING: E_WARNING: Trying to access array offset on value of type null {"code":2,"message":"Trying to access array offset on value of type null","file":"/app/src/Usuarios/IntegradorPermissoesLegadasService.php","line":207} []
[2025-07-30T12:37:01.640633-03:00] app.WARNING: E_WARNING: Undefined property: stdClass::$calendario {"code":2,"message":"Undefined property: stdClass::$calendario","file":"/app/src/Usuarios/IntegradorPermissoesLegadasService.php","line":206} []
[2025-07-30T12:37:01.640699-03:00] app.WARNING: E_WARNING: Trying to access array offset on value of type null {"code":2,"message":"Trying to access array offset on value of type null","file":"/app/src/Usuarios/IntegradorPermissoesLegadasService.php","line":206} []
[2025-07-30T12:37:01.640755-03:00] app.WARNING: E_WARNING: Undefined property: stdClass::$calendario {"code":2,"message":"Undefined property: stdClass::$calendario","file":"/app/src/Usuarios/IntegradorPermissoesLegadasService.php","line":207} []
[2025-07-30T12:37:01.640806-03:00] app.WARNING: E_WARNING: Trying to access array offset on value of type null {"code":2,"message":"Trying to access array offset on value of type null","file":"/app/src/Usuarios/IntegradorPermissoesLegadasService.php","line":207} []
[2025-07-30T12:37:01.641503-03:00] app.WARNING: E_WARNING: Undefined property: stdClass::$calendario {"code":2,"message":"Undefined property: stdClass::$calendario","file":"/app/src/Usuarios/IntegradorPermissoesLegadasService.php","line":206} []
[2025-07-30T12:37:01.641572-03:00] app.WARNING: E_WARNING: Trying to access array offset on value of type null {"code":2,"message":"Trying to access array offset on value of type null","file":"/app/src/Usuarios/IntegradorPermissoesLegadasService.php","line":206} []
[2025-07-30T12:37:01.641634-03:00] app.WARNING: E_WARNING: Undefined property: stdClass::$calendario {"code":2,"message":"Undefined property: stdClass::$calendario","file":"/app/src/Usuarios/IntegradorPermissoesLegadasService.php","line":207} []
[2025-07-30T12:37:01.641688-03:00] app.WARNING: E_WARNING: Trying to access array offset on value of type null {"code":2,"message":"Trying to access array offset on value of type null","file":"/app/src/Usuarios/IntegradorPermissoesLegadasService.php","line":207} []
[2025-07-30T12:37:01.644753-03:00] app.WARNING: E_WARNING: Undefined property: stdClass::$calendario {"code":2,"message":"Undefined property: stdClass::$calendario","file":"/app/src/Usuarios/IntegradorPermissoesLegadasService.php","line":206} []
[2025-07-30T12:37:01.644846-03:00] app.WARNING: E_WARNING: Trying to access array offset on value of type null {"code":2,"message":"Trying to access array offset on value of type null","file":"/app/src/Usuarios/IntegradorPermissoesLegadasService.php","line":206} []
[2025-07-30T12:37:01.644905-03:00] app.WARNING: E_WARNING: Undefined property: stdClass::$calendario {"code":2,"message":"Undefined property: stdClass::$calendario","file":"/app/src/Usuarios/IntegradorPermissoesLegadasService.php","line":207} []
[2025-07-30T12:37:01.644959-03:00] app.WARNING: E_WARNING: Trying to access array offset on value of type null {"code":2,"message":"Trying to access array offset on value of type null","file":"/app/src/Usuarios/IntegradorPermissoesLegadasService.php","line":207} []
[2025-07-30T12:37:01.645895-03:00] app.WARNING: E_WARNING: Undefined property: stdClass::$calendario {"code":2,"message":"Undefined property: stdClass::$calendario","file":"/app/src/Usuarios/IntegradorPermissoesLegadasService.php","line":206} []
[2025-07-30T12:37:01.645967-03:00] app.WARNING: E_WARNING: Trying to access array offset on value of type null {"code":2,"message":"Trying to access array offset on value of type null","file":"/app/src/Usuarios/IntegradorPermissoesLegadasService.php","line":206} []
[2025-07-30T12:37:01.646025-03:00] app.WARNING: E_WARNING: Undefined property: stdClass::$calendario {"code":2,"message":"Undefined property: stdClass::$calendario","file":"/app/src/Usuarios/IntegradorPermissoesLegadasService.php","line":207} []
[2025-07-30T12:37:01.646077-03:00] app.WARNING: E_WARNING: Trying to access array offset on value of type null {"code":2,"message":"Trying to access array offset on value of type null","file":"/app/src/Usuarios/IntegradorPermissoesLegadasService.php","line":207} []
[2025-07-30T12:37:01.646891-03:00] app.WARNING: E_WARNING: Undefined property: stdClass::$calendario {"code":2,"message":"Undefined property: stdClass::$calendario","file":"/app/src/Usuarios/IntegradorPermissoesLegadasService.php","line":206} []
[2025-07-30T12:37:01.646958-03:00] app.WARNING: E_WARNING: Trying to access array offset on value of type null {"code":2,"message":"Trying to access array offset on value of type null","file":"/app/src/Usuarios/IntegradorPermissoesLegadasService.php","line":206} []
[2025-07-30T12:37:01.647013-03:00] app.WARNING: E_WARNING: Undefined property: stdClass::$calendario {"code":2,"message":"Undefined property: stdClass::$calendario","file":"/app/src/Usuarios/IntegradorPermissoesLegadasService.php","line":207} []
[2025-07-30T12:37:01.647068-03:00] app.WARNING: E_WARNING: Trying to access array offset on value of type null {"code":2,"message":"Trying to access array offset on value of type null","file":"/app/src/Usuarios/IntegradorPermissoesLegadasService.php","line":207} []
[2025-07-30T12:37:01.647786-03:00] app.WARNING: E_WARNING: Undefined property: stdClass::$calendario {"code":2,"message":"Undefined property: stdClass::$calendario","file":"/app/src/Usuarios/IntegradorPermissoesLegadasService.php","line":206} []
[2025-07-30T12:37:01.647852-03:00] app.WARNING: E_WARNING: Trying to access array offset on value of type null {"code":2,"message":"Trying to access array offset on value of type null","file":"/app/src/Usuarios/IntegradorPermissoesLegadasService.php","line":206} []
[2025-07-30T12:37:01.647916-03:00] app.WARNING: E_WARNING: Undefined property: stdClass::$calendario {"code":2,"message":"Undefined property: stdClass::$calendario","file":"/app/src/Usuarios/IntegradorPermissoesLegadasService.php","line":207} []
[2025-07-30T12:37:01.647971-03:00] app.WARNING: E_WARNING: Trying to access array offset on value of type null {"code":2,"message":"Trying to access array offset on value of type null","file":"/app/src/Usuarios/IntegradorPermissoesLegadasService.php","line":207} []
[2025-07-30T12:37:01.648644-03:00] app.WARNING: E_WARNING: Undefined property: stdClass::$calendario {"code":2,"message":"Undefined property: stdClass::$calendario","file":"/app/src/Usuarios/IntegradorPermissoesLegadasService.php","line":206} []
[2025-07-30T12:37:01.648709-03:00] app.WARNING: E_WARNING: Trying to access array offset on value of type null {"code":2,"message":"Trying to access array offset on value of type null","file":"/app/src/Usuarios/IntegradorPermissoesLegadasService.php","line":206} []
[2025-07-30T12:37:01.648766-03:00] app.WARNING: E_WARNING: Undefined property: stdClass::$calendario {"code":2,"message":"Undefined property: stdClass::$calendario","file":"/app/src/Usuarios/IntegradorPermissoesLegadasService.php","line":207} []
[2025-07-30T12:37:01.648817-03:00] app.WARNING: E_WARNING: Trying to access array offset on value of type null {"code":2,"message":"Trying to access array offset on value of type null","file":"/app/src/Usuarios/IntegradorPermissoesLegadasService.php","line":207} []
[2025-07-30T12:37:01.652332-03:00] app.WARNING: E_WARNING: Undefined property: stdClass::$calendario {"code":2,"message":"Undefined property: stdClass::$calendario","file":"/app/src/Usuarios/IntegradorPermissoesLegadasService.php","line":206} []
[2025-07-30T12:37:01.652410-03:00] app.WARNING: E_WARNING: Trying to access array offset on value of type null {"code":2,"message":"Trying to access array offset on value of type null","file":"/app/src/Usuarios/IntegradorPermissoesLegadasService.php","line":206} []
[2025-07-30T12:37:01.652467-03:00] app.WARNING: E_WARNING: Undefined property: stdClass::$calendario {"code":2,"message":"Undefined property: stdClass::$calendario","file":"/app/src/Usuarios/IntegradorPermissoesLegadasService.php","line":207} []
[2025-07-30T12:37:01.652522-03:00] app.WARNING: E_WARNING: Trying to access array offset on value of type null {"code":2,"message":"Trying to access array offset on value of type null","file":"/app/src/Usuarios/IntegradorPermissoesLegadasService.php","line":207} []
[2025-07-30T12:37:01.653375-03:00] app.WARNING: E_WARNING: Undefined property: stdClass::$calendario {"code":2,"message":"Undefined property: stdClass::$calendario","file":"/app/src/Usuarios/IntegradorPermissoesLegadasService.php","line":206} []
[2025-07-30T12:37:01.653446-03:00] app.WARNING: E_WARNING: Trying to access array offset on value of type null {"code":2,"message":"Trying to access array offset on value of type null","file":"/app/src/Usuarios/IntegradorPermissoesLegadasService.php","line":206} []
[2025-07-30T12:37:01.653505-03:00] app.WARNING: E_WARNING: Undefined property: stdClass::$calendario {"code":2,"message":"Undefined property: stdClass::$calendario","file":"/app/src/Usuarios/IntegradorPermissoesLegadasService.php","line":207} []
[2025-07-30T12:37:01.653564-03:00] app.WARNING: E_WARNING: Trying to access array offset on value of type null {"code":2,"message":"Trying to access array offset on value of type null","file":"/app/src/Usuarios/IntegradorPermissoesLegadasService.php","line":207} []
[2025-07-30T12:37:01.654363-03:00] app.WARNING: E_WARNING: Undefined property: stdClass::$calendario {"code":2,"message":"Undefined property: stdClass::$calendario","file":"/app/src/Usuarios/IntegradorPermissoesLegadasService.php","line":206} []
[2025-07-30T12:37:01.654432-03:00] app.WARNING: E_WARNING: Trying to access array offset on value of type null {"code":2,"message":"Trying to access array offset on value of type null","file":"/app/src/Usuarios/IntegradorPermissoesLegadasService.php","line":206} []
[2025-07-30T12:37:01.654499-03:00] app.WARNING: E_WARNING: Undefined property: stdClass::$calendario {"code":2,"message":"Undefined property: stdClass::$calendario","file":"/app/src/Usuarios/IntegradorPermissoesLegadasService.php","line":207} []
[2025-07-30T12:37:01.654559-03:00] app.WARNING: E_WARNING: Trying to access array offset on value of type null {"code":2,"message":"Trying to access array offset on value of type null","file":"/app/src/Usuarios/IntegradorPermissoesLegadasService.php","line":207} []
[2025-07-30T12:37:01.655243-03:00] app.WARNING: E_WARNING: Undefined property: stdClass::$calendario {"code":2,"message":"Undefined property: stdClass::$calendario","file":"/app/src/Usuarios/IntegradorPermissoesLegadasService.php","line":206} []
[2025-07-30T12:37:01.655309-03:00] app.WARNING: E_WARNING: Trying to access array offset on value of type null {"code":2,"message":"Trying to access array offset on value of type null","file":"/app/src/Usuarios/IntegradorPermissoesLegadasService.php","line":206} []
[2025-07-30T12:37:01.655365-03:00] app.WARNING: E_WARNING: Undefined property: stdClass::$calendario {"code":2,"message":"Undefined property: stdClass::$calendario","file":"/app/src/Usuarios/IntegradorPermissoesLegadasService.php","line":207} []
[2025-07-30T12:37:01.655418-03:00] app.WARNING: E_WARNING: Trying to access array offset on value of type null {"code":2,"message":"Trying to access array offset on value of type null","file":"/app/src/Usuarios/IntegradorPermissoesLegadasService.php","line":207} []
[2025-07-30T12:37:01.656099-03:00] app.WARNING: E_WARNING: Undefined property: stdClass::$calendario {"code":2,"message":"Undefined property: stdClass::$calendario","file":"/app/src/Usuarios/IntegradorPermissoesLegadasService.php","line":206} []
[2025-07-30T12:37:01.656165-03:00] app.WARNING: E_WARNING: Trying to access array offset on value of type null {"code":2,"message":"Trying to access array offset on value of type null","file":"/app/src/Usuarios/IntegradorPermissoesLegadasService.php","line":206} []
[2025-07-30T12:37:01.656219-03:00] app.WARNING: E_WARNING: Undefined property: stdClass::$calendario {"code":2,"message":"Undefined property: stdClass::$calendario","file":"/app/src/Usuarios/IntegradorPermissoesLegadasService.php","line":207} []
[2025-07-30T12:37:01.656272-03:00] app.WARNING: E_WARNING: Trying to access array offset on value of type null {"code":2,"message":"Trying to access array offset on value of type null","file":"/app/src/Usuarios/IntegradorPermissoesLegadasService.php","line":207} []
[2025-07-30T12:37:01.659346-03:00] app.WARNING: E_WARNING: Undefined property: stdClass::$calendario {"code":2,"message":"Undefined property: stdClass::$calendario","file":"/app/src/Usuarios/IntegradorPermissoesLegadasService.php","line":206} []
[2025-07-30T12:37:01.659418-03:00] app.WARNING: E_WARNING: Trying to access array offset on value of type null {"code":2,"message":"Trying to access array offset on value of type null","file":"/app/src/Usuarios/IntegradorPermissoesLegadasService.php","line":206} []
[2025-07-30T12:37:01.659474-03:00] app.WARNING: E_WARNING: Undefined property: stdClass::$calendario {"code":2,"message":"Undefined property: stdClass::$calendario","file":"/app/src/Usuarios/IntegradorPermissoesLegadasService.php","line":207} []
[2025-07-30T12:37:01.659528-03:00] app.WARNING: E_WARNING: Trying to access array offset on value of type null {"code":2,"message":"Trying to access array offset on value of type null","file":"/app/src/Usuarios/IntegradorPermissoesLegadasService.php","line":207} []
[2025-07-30T12:37:01.660285-03:00] app.WARNING: E_WARNING: Undefined property: stdClass::$calendario {"code":2,"message":"Undefined property: stdClass::$calendario","file":"/app/src/Usuarios/IntegradorPermissoesLegadasService.php","line":206} []
[2025-07-30T12:37:01.660355-03:00] app.WARNING: E_WARNING: Trying to access array offset on value of type null {"code":2,"message":"Trying to access array offset on value of type null","file":"/app/src/Usuarios/IntegradorPermissoesLegadasService.php","line":206} []
[2025-07-30T12:37:01.660422-03:00] app.WARNING: E_WARNING: Undefined property: stdClass::$calendario {"code":2,"message":"Undefined property: stdClass::$calendario","file":"/app/src/Usuarios/IntegradorPermissoesLegadasService.php","line":207} []
[2025-07-30T12:37:01.660478-03:00] app.WARNING: E_WARNING: Trying to access array offset on value of type null {"code":2,"message":"Trying to access array offset on value of type null","file":"/app/src/Usuarios/IntegradorPermissoesLegadasService.php","line":207} []
[2025-07-30T12:37:01.661245-03:00] app.WARNING: E_WARNING: Undefined property: stdClass::$calendario {"code":2,"message":"Undefined property: stdClass::$calendario","file":"/app/src/Usuarios/IntegradorPermissoesLegadasService.php","line":206} []
[2025-07-30T12:37:01.661330-03:00] app.WARNING: E_WARNING: Trying to access array offset on value of type null {"code":2,"message":"Trying to access array offset on value of type null","file":"/app/src/Usuarios/IntegradorPermissoesLegadasService.php","line":206} []
[2025-07-30T12:37:01.661388-03:00] app.WARNING: E_WARNING: Undefined property: stdClass::$calendario {"code":2,"message":"Undefined property: stdClass::$calendario","file":"/app/src/Usuarios/IntegradorPermissoesLegadasService.php","line":207} []
[2025-07-30T12:37:01.661444-03:00] app.WARNING: E_WARNING: Trying to access array offset on value of type null {"code":2,"message":"Trying to access array offset on value of type null","file":"/app/src/Usuarios/IntegradorPermissoesLegadasService.php","line":207} []
[2025-07-30T12:37:01.662347-03:00] app.WARNING: E_WARNING: Undefined property: stdClass::$calendario {"code":2,"message":"Undefined property: stdClass::$calendario","file":"/app/src/Usuarios/IntegradorPermissoesLegadasService.php","line":206} []
[2025-07-30T12:37:01.662420-03:00] app.WARNING: E_WARNING: Trying to access array offset on value of type null {"code":2,"message":"Trying to access array offset on value of type null","file":"/app/src/Usuarios/IntegradorPermissoesLegadasService.php","line":206} []
[2025-07-30T12:37:01.662476-03:00] app.WARNING: E_WARNING: Undefined property: stdClass::$calendario {"code":2,"message":"Undefined property: stdClass::$calendario","file":"/app/src/Usuarios/IntegradorPermissoesLegadasService.php","line":207} []
[2025-07-30T12:37:01.662530-03:00] app.WARNING: E_WARNING: Trying to access array offset on value of type null {"code":2,"message":"Trying to access array offset on value of type null","file":"/app/src/Usuarios/IntegradorPermissoesLegadasService.php","line":207} []
[2025-07-30T12:37:01.663423-03:00] app.WARNING: E_WARNING: Undefined property: stdClass::$calendario {"code":2,"message":"Undefined property: stdClass::$calendario","file":"/app/src/Usuarios/IntegradorPermissoesLegadasService.php","line":206} []
[2025-07-30T12:37:01.663493-03:00] app.WARNING: E_WARNING: Trying to access array offset on value of type null {"code":2,"message":"Trying to access array offset on value of type null","file":"/app/src/Usuarios/IntegradorPermissoesLegadasService.php","line":206} []
[2025-07-30T12:37:01.663554-03:00] app.WARNING: E_WARNING: Undefined property: stdClass::$calendario {"code":2,"message":"Undefined property: stdClass::$calendario","file":"/app/src/Usuarios/IntegradorPermissoesLegadasService.php","line":207} []
[2025-07-30T12:37:01.663609-03:00] app.WARNING: E_WARNING: Trying to access array offset on value of type null {"code":2,"message":"Trying to access array offset on value of type null","file":"/app/src/Usuarios/IntegradorPermissoesLegadasService.php","line":207} []
[2025-07-30T12:37:01.666804-03:00] app.WARNING: E_WARNING: Undefined property: stdClass::$calendario {"code":2,"message":"Undefined property: stdClass::$calendario","file":"/app/src/Usuarios/IntegradorPermissoesLegadasService.php","line":206} []
[2025-07-30T12:37:01.666881-03:00] app.WARNING: E_WARNING: Trying to access array offset on value of type null {"code":2,"message":"Trying to access array offset on value of type null","file":"/app/src/Usuarios/IntegradorPermissoesLegadasService.php","line":206} []
[2025-07-30T12:37:01.666955-03:00] app.WARNING: E_WARNING: Undefined property: stdClass::$calendario {"code":2,"message":"Undefined property: stdClass::$calendario","file":"/app/src/Usuarios/IntegradorPermissoesLegadasService.php","line":207} []
[2025-07-30T12:37:01.667009-03:00] app.WARNING: E_WARNING: Trying to access array offset on value of type null {"code":2,"message":"Trying to access array offset on value of type null","file":"/app/src/Usuarios/IntegradorPermissoesLegadasService.php","line":207} []
[2025-07-30T12:37:01.667780-03:00] app.WARNING: E_WARNING: Undefined property: stdClass::$calendario {"code":2,"message":"Undefined property: stdClass::$calendario","file":"/app/src/Usuarios/IntegradorPermissoesLegadasService.php","line":206} []
[2025-07-30T12:37:01.667846-03:00] app.WARNING: E_WARNING: Trying to access array offset on value of type null {"code":2,"message":"Trying to access array offset on value of type null","file":"/app/src/Usuarios/IntegradorPermissoesLegadasService.php","line":206} []
[2025-07-30T12:37:01.667901-03:00] app.WARNING: E_WARNING: Undefined property: stdClass::$calendario {"code":2,"message":"Undefined property: stdClass::$calendario","file":"/app/src/Usuarios/IntegradorPermissoesLegadasService.php","line":207} []
[2025-07-30T12:37:01.667955-03:00] app.WARNING: E_WARNING: Trying to access array offset on value of type null {"code":2,"message":"Trying to access array offset on value of type null","file":"/app/src/Usuarios/IntegradorPermissoesLegadasService.php","line":207} []
[2025-07-30T12:37:01.668627-03:00] app.WARNING: E_WARNING: Undefined property: stdClass::$calendario {"code":2,"message":"Undefined property: stdClass::$calendario","file":"/app/src/Usuarios/IntegradorPermissoesLegadasService.php","line":206} []
[2025-07-30T12:37:01.668693-03:00] app.WARNING: E_WARNING: Trying to access array offset on value of type null {"code":2,"message":"Trying to access array offset on value of type null","file":"/app/src/Usuarios/IntegradorPermissoesLegadasService.php","line":206} []
[2025-07-30T12:37:01.668748-03:00] app.WARNING: E_WARNING: Undefined property: stdClass::$calendario {"code":2,"message":"Undefined property: stdClass::$calendario","file":"/app/src/Usuarios/IntegradorPermissoesLegadasService.php","line":207} []
[2025-07-30T12:37:01.668803-03:00] app.WARNING: E_WARNING: Trying to access array offset on value of type null {"code":2,"message":"Trying to access array offset on value of type null","file":"/app/src/Usuarios/IntegradorPermissoesLegadasService.php","line":207} []
[2025-07-30T12:37:01.669525-03:00] app.WARNING: E_WARNING: Undefined property: stdClass::$calendario {"code":2,"message":"Undefined property: stdClass::$calendario","file":"/app/src/Usuarios/IntegradorPermissoesLegadasService.php","line":206} []
[2025-07-30T12:37:01.669594-03:00] app.WARNING: E_WARNING: Trying to access array offset on value of type null {"code":2,"message":"Trying to access array offset on value of type null","file":"/app/src/Usuarios/IntegradorPermissoesLegadasService.php","line":206} []
[2025-07-30T12:37:01.669651-03:00] app.WARNING: E_WARNING: Undefined property: stdClass::$calendario {"code":2,"message":"Undefined property: stdClass::$calendario","file":"/app/src/Usuarios/IntegradorPermissoesLegadasService.php","line":207} []
[2025-07-30T12:37:01.669705-03:00] app.WARNING: E_WARNING: Trying to access array offset on value of type null {"code":2,"message":"Trying to access array offset on value of type null","file":"/app/src/Usuarios/IntegradorPermissoesLegadasService.php","line":207} []
[2025-07-30T12:37:01.670460-03:00] app.WARNING: E_WARNING: Undefined property: stdClass::$calendario {"code":2,"message":"Undefined property: stdClass::$calendario","file":"/app/src/Usuarios/IntegradorPermissoesLegadasService.php","line":206} []
[2025-07-30T12:37:01.670525-03:00] app.WARNING: E_WARNING: Trying to access array offset on value of type null {"code":2,"message":"Trying to access array offset on value of type null","file":"/app/src/Usuarios/IntegradorPermissoesLegadasService.php","line":206} []
[2025-07-30T12:37:01.670590-03:00] app.WARNING: E_WARNING: Undefined property: stdClass::$calendario {"code":2,"message":"Undefined property: stdClass::$calendario","file":"/app/src/Usuarios/IntegradorPermissoesLegadasService.php","line":207} []
[2025-07-30T12:37:01.670645-03:00] app.WARNING: E_WARNING: Trying to access array offset on value of type null {"code":2,"message":"Trying to access array offset on value of type null","file":"/app/src/Usuarios/IntegradorPermissoesLegadasService.php","line":207} []
[2025-07-30T12:37:01.673794-03:00] app.WARNING: E_WARNING: Undefined property: stdClass::$calendario {"code":2,"message":"Undefined property: stdClass::$calendario","file":"/app/src/Usuarios/IntegradorPermissoesLegadasService.php","line":206} []
[2025-07-30T12:37:01.673876-03:00] app.WARNING: E_WARNING: Trying to access array offset on value of type null {"code":2,"message":"Trying to access array offset on value of type null","file":"/app/src/Usuarios/IntegradorPermissoesLegadasService.php","line":206} []
[2025-07-30T12:37:01.673933-03:00] app.WARNING: E_WARNING: Undefined property: stdClass::$calendario {"code":2,"message":"Undefined property: stdClass::$calendario","file":"/app/src/Usuarios/IntegradorPermissoesLegadasService.php","line":207} []
[2025-07-30T12:37:01.673986-03:00] app.WARNING: E_WARNING: Trying to access array offset on value of type null {"code":2,"message":"Trying to access array offset on value of type null","file":"/app/src/Usuarios/IntegradorPermissoesLegadasService.php","line":207} []
[2025-07-30T12:37:01.674798-03:00] app.WARNING: E_WARNING: Undefined property: stdClass::$calendario {"code":2,"message":"Undefined property: stdClass::$calendario","file":"/app/src/Usuarios/IntegradorPermissoesLegadasService.php","line":206} []
[2025-07-30T12:37:01.674867-03:00] app.WARNING: E_WARNING: Trying to access array offset on value of type null {"code":2,"message":"Trying to access array offset on value of type null","file":"/app/src/Usuarios/IntegradorPermissoesLegadasService.php","line":206} []
[2025-07-30T12:37:01.674923-03:00] app.WARNING: E_WARNING: Undefined property: stdClass::$calendario {"code":2,"message":"Undefined property: stdClass::$calendario","file":"/app/src/Usuarios/IntegradorPermissoesLegadasService.php","line":207} []
[2025-07-30T12:37:01.674977-03:00] app.WARNING: E_WARNING: Trying to access array offset on value of type null {"code":2,"message":"Trying to access array offset on value of type null","file":"/app/src/Usuarios/IntegradorPermissoesLegadasService.php","line":207} []
[2025-07-30T12:37:01.675682-03:00] app.WARNING: E_WARNING: Undefined property: stdClass::$calendario {"code":2,"message":"Undefined property: stdClass::$calendario","file":"/app/src/Usuarios/IntegradorPermissoesLegadasService.php","line":206} []
[2025-07-30T12:37:01.675748-03:00] app.WARNING: E_WARNING: Trying to access array offset on value of type null {"code":2,"message":"Trying to access array offset on value of type null","file":"/app/src/Usuarios/IntegradorPermissoesLegadasService.php","line":206} []
[2025-07-30T12:37:01.675803-03:00] app.WARNING: E_WARNING: Undefined property: stdClass::$calendario {"code":2,"message":"Undefined property: stdClass::$calendario","file":"/app/src/Usuarios/IntegradorPermissoesLegadasService.php","line":207} []
[2025-07-30T12:37:01.675858-03:00] app.WARNING: E_WARNING: Trying to access array offset on value of type null {"code":2,"message":"Trying to access array offset on value of type null","file":"/app/src/Usuarios/IntegradorPermissoesLegadasService.php","line":207} []
[2025-07-30T12:37:01.676526-03:00] app.WARNING: E_WARNING: Undefined property: stdClass::$calendario {"code":2,"message":"Undefined property: stdClass::$calendario","file":"/app/src/Usuarios/IntegradorPermissoesLegadasService.php","line":206} []
[2025-07-30T12:37:01.676600-03:00] app.WARNING: E_WARNING: Trying to access array offset on value of type null {"code":2,"message":"Trying to access array offset on value of type null","file":"/app/src/Usuarios/IntegradorPermissoesLegadasService.php","line":206} []
[2025-07-30T12:37:01.676667-03:00] app.WARNING: E_WARNING: Undefined property: stdClass::$calendario {"code":2,"message":"Undefined property: stdClass::$calendario","file":"/app/src/Usuarios/IntegradorPermissoesLegadasService.php","line":207} []
[2025-07-30T12:37:01.676720-03:00] app.WARNING: E_WARNING: Trying to access array offset on value of type null {"code":2,"message":"Trying to access array offset on value of type null","file":"/app/src/Usuarios/IntegradorPermissoesLegadasService.php","line":207} []
[2025-07-30T12:37:01.677476-03:00] app.WARNING: E_WARNING: Undefined property: stdClass::$calendario {"code":2,"message":"Undefined property: stdClass::$calendario","file":"/app/src/Usuarios/IntegradorPermissoesLegadasService.php","line":206} []
[2025-07-30T12:37:01.677553-03:00] app.WARNING: E_WARNING: Trying to access array offset on value of type null {"code":2,"message":"Trying to access array offset on value of type null","file":"/app/src/Usuarios/IntegradorPermissoesLegadasService.php","line":206} []
[2025-07-30T12:37:01.677609-03:00] app.WARNING: E_WARNING: Undefined property: stdClass::$calendario {"code":2,"message":"Undefined property: stdClass::$calendario","file":"/app/src/Usuarios/IntegradorPermissoesLegadasService.php","line":207} []
[2025-07-30T12:37:01.677662-03:00] app.WARNING: E_WARNING: Trying to access array offset on value of type null {"code":2,"message":"Trying to access array offset on value of type null","file":"/app/src/Usuarios/IntegradorPermissoesLegadasService.php","line":207} []
[2025-07-30T12:37:01.681312-03:00] app.WARNING: E_WARNING: Undefined property: stdClass::$calendario {"code":2,"message":"Undefined property: stdClass::$calendario","file":"/app/src/Usuarios/IntegradorPermissoesLegadasService.php","line":206} []
[2025-07-30T12:37:01.681403-03:00] app.WARNING: E_WARNING: Trying to access array offset on value of type null {"code":2,"message":"Trying to access array offset on value of type null","file":"/app/src/Usuarios/IntegradorPermissoesLegadasService.php","line":206} []
[2025-07-30T12:37:01.681460-03:00] app.WARNING: E_WARNING: Undefined property: stdClass::$calendario {"code":2,"message":"Undefined property: stdClass::$calendario","file":"/app/src/Usuarios/IntegradorPermissoesLegadasService.php","line":207} []
[2025-07-30T12:37:01.681515-03:00] app.WARNING: E_WARNING: Trying to access array offset on value of type null {"code":2,"message":"Trying to access array offset on value of type null","file":"/app/src/Usuarios/IntegradorPermissoesLegadasService.php","line":207} []
[2025-07-30T12:37:01.682250-03:00] app.WARNING: E_WARNING: Undefined property: stdClass::$calendario {"code":2,"message":"Undefined property: stdClass::$calendario","file":"/app/src/Usuarios/IntegradorPermissoesLegadasService.php","line":206} []
[2025-07-30T12:37:01.682317-03:00] app.WARNING: E_WARNING: Trying to access array offset on value of type null {"code":2,"message":"Trying to access array offset on value of type null","file":"/app/src/Usuarios/IntegradorPermissoesLegadasService.php","line":206} []
[2025-07-30T12:37:01.682372-03:00] app.WARNING: E_WARNING: Undefined property: stdClass::$calendario {"code":2,"message":"Undefined property: stdClass::$calendario","file":"/app/src/Usuarios/IntegradorPermissoesLegadasService.php","line":207} []
[2025-07-30T12:37:01.682425-03:00] app.WARNING: E_WARNING: Trying to access array offset on value of type null {"code":2,"message":"Trying to access array offset on value of type null","file":"/app/src/Usuarios/IntegradorPermissoesLegadasService.php","line":207} []
[2025-07-30T12:37:01.683166-03:00] app.WARNING: E_WARNING: Undefined property: stdClass::$calendario {"code":2,"message":"Undefined property: stdClass::$calendario","file":"/app/src/Usuarios/IntegradorPermissoesLegadasService.php","line":206} []
[2025-07-30T12:37:01.683232-03:00] app.WARNING: E_WARNING: Trying to access array offset on value of type null {"code":2,"message":"Trying to access array offset on value of type null","file":"/app/src/Usuarios/IntegradorPermissoesLegadasService.php","line":206} []
[2025-07-30T12:37:01.683296-03:00] app.WARNING: E_WARNING: Undefined property: stdClass::$calendario {"code":2,"message":"Undefined property: stdClass::$calendario","file":"/app/src/Usuarios/IntegradorPermissoesLegadasService.php","line":207} []
[2025-07-30T12:37:01.683351-03:00] app.WARNING: E_WARNING: Trying to access array offset on value of type null {"code":2,"message":"Trying to access array offset on value of type null","file":"/app/src/Usuarios/IntegradorPermissoesLegadasService.php","line":207} []
[2025-07-30T12:37:01.684087-03:00] app.WARNING: E_WARNING: Undefined property: stdClass::$calendario {"code":2,"message":"Undefined property: stdClass::$calendario","file":"/app/src/Usuarios/IntegradorPermissoesLegadasService.php","line":206} []
[2025-07-30T12:37:01.684152-03:00] app.WARNING: E_WARNING: Trying to access array offset on value of type null {"code":2,"message":"Trying to access array offset on value of type null","file":"/app/src/Usuarios/IntegradorPermissoesLegadasService.php","line":206} []
[2025-07-30T12:37:01.684206-03:00] app.WARNING: E_WARNING: Undefined property: stdClass::$calendario {"code":2,"message":"Undefined property: stdClass::$calendario","file":"/app/src/Usuarios/IntegradorPermissoesLegadasService.php","line":207} []
[2025-07-30T12:37:01.684260-03:00] app.WARNING: E_WARNING: Trying to access array offset on value of type null {"code":2,"message":"Trying to access array offset on value of type null","file":"/app/src/Usuarios/IntegradorPermissoesLegadasService.php","line":207} []
[2025-07-30T12:37:01.684958-03:00] app.WARNING: E_WARNING: Undefined property: stdClass::$calendario {"code":2,"message":"Undefined property: stdClass::$calendario","file":"/app/src/Usuarios/IntegradorPermissoesLegadasService.php","line":206} []
[2025-07-30T12:37:01.685023-03:00] app.WARNING: E_WARNING: Trying to access array offset on value of type null {"code":2,"message":"Trying to access array offset on value of type null","file":"/app/src/Usuarios/IntegradorPermissoesLegadasService.php","line":206} []
[2025-07-30T12:37:01.685077-03:00] app.WARNING: E_WARNING: Undefined property: stdClass::$calendario {"code":2,"message":"Undefined property: stdClass::$calendario","file":"/app/src/Usuarios/IntegradorPermissoesLegadasService.php","line":207} []
[2025-07-30T12:37:01.685131-03:00] app.WARNING: E_WARNING: Trying to access array offset on value of type null {"code":2,"message":"Trying to access array offset on value of type null","file":"/app/src/Usuarios/IntegradorPermissoesLegadasService.php","line":207} []
[2025-07-30T12:37:01.702471-03:00] app.NOTICE: E_DEPRECATED: Creation of dynamic property mysqli::$hash is deprecated {"code":8192,"message":"Creation of dynamic property mysqli::$hash is deprecated","file":"/app/vendor/dshafik/php7-mysql-shim/lib/mysql.php","line":88} []
[2025-07-30T12:37:01.715608-03:00] app.WARNING: E_WARNING: Undefined property: stdClass::$calendario {"code":2,"message":"Undefined property: stdClass::$calendario","file":"/app/src/Usuarios/IntegradorPermissoesLegadasService.php","line":206} []
[2025-07-30T12:37:01.715790-03:00] app.WARNING: E_WARNING: Trying to access array offset on value of type null {"code":2,"message":"Trying to access array offset on value of type null","file":"/app/src/Usuarios/IntegradorPermissoesLegadasService.php","line":206} []
[2025-07-30T12:37:01.715853-03:00] app.WARNING: E_WARNING: Undefined property: stdClass::$calendario {"code":2,"message":"Undefined property: stdClass::$calendario","file":"/app/src/Usuarios/IntegradorPermissoesLegadasService.php","line":207} []
[2025-07-30T12:37:01.715909-03:00] app.WARNING: E_WARNING: Trying to access array offset on value of type null {"code":2,"message":"Trying to access array offset on value of type null","file":"/app/src/Usuarios/IntegradorPermissoesLegadasService.php","line":207} []
[2025-07-30T12:37:01.717114-03:00] app.WARNING: E_WARNING: Undefined property: stdClass::$calendario {"code":2,"message":"Undefined property: stdClass::$calendario","file":"/app/src/Usuarios/IntegradorPermissoesLegadasService.php","line":206} []
[2025-07-30T12:37:01.717209-03:00] app.WARNING: E_WARNING: Trying to access array offset on value of type null {"code":2,"message":"Trying to access array offset on value of type null","file":"/app/src/Usuarios/IntegradorPermissoesLegadasService.php","line":206} []
[2025-07-30T12:37:01.717267-03:00] app.WARNING: E_WARNING: Undefined property: stdClass::$calendario {"code":2,"message":"Undefined property: stdClass::$calendario","file":"/app/src/Usuarios/IntegradorPermissoesLegadasService.php","line":207} []
[2025-07-30T12:37:01.717321-03:00] app.WARNING: E_WARNING: Trying to access array offset on value of type null {"code":2,"message":"Trying to access array offset on value of type null","file":"/app/src/Usuarios/IntegradorPermissoesLegadasService.php","line":207} []
[2025-07-30T12:37:01.718346-03:00] app.NOTICE: E_DEPRECATED: Creation of dynamic property mysqli::$hash is deprecated {"code":8192,"message":"Creation of dynamic property mysqli::$hash is deprecated","file":"/app/vendor/dshafik/php7-mysql-shim/lib/mysql.php","line":88} []
[2025-07-30T12:37:01.723113-03:00] app.ERROR: Uncaught Exception League\Route\Http\Exception\NotFoundException: "Not Found" at /app/vendor/league/route/src/Dispatcher.php line 139 {"exception":"[object] (League\\Route\\Http\\Exception\\NotFoundException(code: 0): Not Found at /app/vendor/league/route/src/Dispatcher.php:139)"} []
[2025-07-30T12:37:01.724125-03:00] app.NOTICE: E_DEPRECATED: Creation of dynamic property mysqli::$hash is deprecated {"code":8192,"message":"Creation of dynamic property mysqli::$hash is deprecated","file":"/app/vendor/dshafik/php7-mysql-shim/lib/mysql.php","line":88} []
[2025-07-30T12:37:01.752034-03:00] app.NOTICE: E_DEPRECATED: Creation of dynamic property mysqli::$hash is deprecated {"code":8192,"message":"Creation of dynamic property mysqli::$hash is deprecated","file":"/app/vendor/dshafik/php7-mysql-shim/lib/mysql.php","line":88} []
[2025-07-30T12:37:05.274501-03:00] app.NOTICE: E_DEPRECATED: Creation of dynamic property mysqli::$hash is deprecated {"code":8192,"message":"Creation of dynamic property mysqli::$hash is deprecated","file":"/app/vendor/dshafik/php7-mysql-shim/lib/mysql.php","line":88} []
[2025-07-30T12:37:28.689236-03:00] app.NOTICE: E_DEPRECATED: Creation of dynamic property mysqli::$hash is deprecated {"code":8192,"message":"Creation of dynamic property mysqli::$hash is deprecated","file":"/app/vendor/dshafik/php7-mysql-shim/lib/mysql.php","line":88} []
[2025-07-30T12:37:28.701896-03:00] app.WARNING: E_WARNING: Undefined property: stdClass::$calendario {"code":2,"message":"Undefined property: stdClass::$calendario","file":"/app/src/Usuarios/IntegradorPermissoesLegadasService.php","line":206} []
[2025-07-30T12:37:28.701995-03:00] app.WARNING: E_WARNING: Trying to access array offset on value of type null {"code":2,"message":"Trying to access array offset on value of type null","file":"/app/src/Usuarios/IntegradorPermissoesLegadasService.php","line":206} []
[2025-07-30T12:37:28.702056-03:00] app.WARNING: E_WARNING: Undefined property: stdClass::$calendario {"code":2,"message":"Undefined property: stdClass::$calendario","file":"/app/src/Usuarios/IntegradorPermissoesLegadasService.php","line":207} []
[2025-07-30T12:37:28.702111-03:00] app.WARNING: E_WARNING: Trying to access array offset on value of type null {"code":2,"message":"Trying to access array offset on value of type null","file":"/app/src/Usuarios/IntegradorPermissoesLegadasService.php","line":207} []
[2025-07-30T12:37:28.702721-03:00] app.NOTICE: E_DEPRECATED: Creation of dynamic property mysqli::$hash is deprecated {"code":8192,"message":"Creation of dynamic property mysqli::$hash is deprecated","file":"/app/vendor/dshafik/php7-mysql-shim/lib/mysql.php","line":88} []
[2025-07-30T12:37:28.703246-03:00] app.WARNING: E_WARNING: Undefined property: stdClass::$calendario {"code":2,"message":"Undefined property: stdClass::$calendario","file":"/app/src/Usuarios/IntegradorPermissoesLegadasService.php","line":206} []
[2025-07-30T12:37:28.703346-03:00] app.WARNING: E_WARNING: Trying to access array offset on value of type null {"code":2,"message":"Trying to access array offset on value of type null","file":"/app/src/Usuarios/IntegradorPermissoesLegadasService.php","line":206} []
[2025-07-30T12:37:28.703410-03:00] app.WARNING: E_WARNING: Undefined property: stdClass::$calendario {"code":2,"message":"Undefined property: stdClass::$calendario","file":"/app/src/Usuarios/IntegradorPermissoesLegadasService.php","line":207} []
[2025-07-30T12:37:28.703466-03:00] app.WARNING: E_WARNING: Trying to access array offset on value of type null {"code":2,"message":"Trying to access array offset on value of type null","file":"/app/src/Usuarios/IntegradorPermissoesLegadasService.php","line":207} []
[2025-07-30T12:37:28.706680-03:00] app.ERROR: Uncaught Exception League\Route\Http\Exception\NotFoundException: "Not Found" at /app/vendor/league/route/src/Dispatcher.php line 139 {"exception":"[object] (League\\Route\\Http\\Exception\\NotFoundException(code: 0): Not Found at /app/vendor/league/route/src/Dispatcher.php:139)"} []
[2025-07-30T12:37:28.709328-03:00] app.NOTICE: E_DEPRECATED: Creation of dynamic property mysqli::$hash is deprecated {"code":8192,"message":"Creation of dynamic property mysqli::$hash is deprecated","file":"/app/vendor/dshafik/php7-mysql-shim/lib/mysql.php","line":88} []
[2025-07-30T12:37:28.737509-03:00] app.NOTICE: E_DEPRECATED: Creation of dynamic property mysqli::$hash is deprecated {"code":8192,"message":"Creation of dynamic property mysqli::$hash is deprecated","file":"/app/vendor/dshafik/php7-mysql-shim/lib/mysql.php","line":88} []
[2025-07-30T12:37:28.741641-03:00] app.WARNING: E_WARNING: Undefined variable $anosHistorico {"code":2,"message":"Undefined variable $anosHistorico","file":"/app/public/alunos_historico.php","line":17} []
[2025-07-30T12:37:28.741728-03:00] app.NOTICE: E_DEPRECATED: explode(): Passing null to parameter #2 ($string) of type string is deprecated {"code":8192,"message":"explode(): Passing null to parameter #2 ($string) of type string is deprecated","file":"/app/public/alunos_historico.php","line":17} []
[2025-07-30T12:37:28.741789-03:00] app.WARNING: E_WARNING: Undefined variable $anosHistorico {"code":2,"message":"Undefined variable $anosHistorico","file":"/app/public/alunos_historico.php","line":18} []
[2025-07-30T12:37:28.741845-03:00] app.NOTICE: E_DEPRECATED: str_replace(): Passing null to parameter #3 ($subject) of type array|string is deprecated {"code":8192,"message":"str_replace(): Passing null to parameter #3 ($subject) of type array|string is deprecated","file":"/app/public/alunos_historico.php","line":18} []
[2025-07-30T12:37:28.758544-03:00] app.NOTICE: E_DEPRECATED: Creation of dynamic property mysqli::$hash is deprecated {"code":8192,"message":"Creation of dynamic property mysqli::$hash is deprecated","file":"/app/vendor/dshafik/php7-mysql-shim/lib/mysql.php","line":88} []
[2025-07-30T12:37:29.349277-03:00] app.NOTICE: E_DEPRECATED: trim(): Passing null to parameter #1 ($string) of type string is deprecated {"code":8192,"message":"trim(): Passing null to parameter #1 ($string) of type string is deprecated","file":"/app/public/alunos_historico.php","line":212} []
[2025-07-30T12:37:29.349375-03:00] app.NOTICE: E_DEPRECATED: trim(): Passing null to parameter #1 ($string) of type string is deprecated {"code":8192,"message":"trim(): Passing null to parameter #1 ($string) of type string is deprecated","file":"/app/public/alunos_historico.php","line":212} []
[2025-07-30T12:37:29.349438-03:00] app.NOTICE: E_DEPRECATED: trim(): Passing null to parameter #1 ($string) of type string is deprecated {"code":8192,"message":"trim(): Passing null to parameter #1 ($string) of type string is deprecated","file":"/app/public/alunos_historico.php","line":212} []
[2025-07-30T12:37:29.349501-03:00] app.NOTICE: E_DEPRECATED: trim(): Passing null to parameter #1 ($string) of type string is deprecated {"code":8192,"message":"trim(): Passing null to parameter #1 ($string) of type string is deprecated","file":"/app/public/alunos_historico.php","line":212} []
[2025-07-30T12:37:29.349586-03:00] app.NOTICE: E_DEPRECATED: trim(): Passing null to parameter #1 ($string) of type string is deprecated {"code":8192,"message":"trim(): Passing null to parameter #1 ($string) of type string is deprecated","file":"/app/public/alunos_historico.php","line":212} []
[2025-07-30T12:37:29.349648-03:00] app.NOTICE: E_DEPRECATED: trim(): Passing null to parameter #1 ($string) of type string is deprecated {"code":8192,"message":"trim(): Passing null to parameter #1 ($string) of type string is deprecated","file":"/app/public/alunos_historico.php","line":212} []
[2025-07-30T12:37:29.349709-03:00] app.NOTICE: E_DEPRECATED: trim(): Passing null to parameter #1 ($string) of type string is deprecated {"code":8192,"message":"trim(): Passing null to parameter #1 ($string) of type string is deprecated","file":"/app/public/alunos_historico.php","line":212} []
[2025-07-30T12:37:29.349768-03:00] app.NOTICE: E_DEPRECATED: trim(): Passing null to parameter #1 ($string) of type string is deprecated {"code":8192,"message":"trim(): Passing null to parameter #1 ($string) of type string is deprecated","file":"/app/public/alunos_historico.php","line":212} []
